[2024-11-27 14:19:25,657] [INFO] Firebase initialized successfully.
[2024-11-27 14:19:25,659] [WARNING] PyNaCl is not installed, voice will NOT be supported
[2024-11-27 14:19:25,661] [ERROR] A new aiohttp.ClientSession was created!
[2024-11-27 14:19:25,664] [INFO] logging in using static token
[2024-11-27 14:19:25,664] [ERROR] A new aiohttp.ClientSession was created!
[2024-11-27 14:19:27,224] [INFO] Shard ID None has connected to Gateway (Session ID: ca6a656acc744a3b6cf1fc5713a0df34).
[2024-11-27 14:19:29,276] [INFO] Logged in as Zenless#4179
[2024-11-27 14:19:30,585] [ERROR] A new aiohttp.ClientSession was created!
[2024-11-27 14:19:31,537] [INFO] Skipping post 1h10bjl for r/Genshin_Impact_Leaks in channel 1276904235115479073 (already sent or older).
[2024-11-27 14:19:31,630] [ERROR] A new aiohttp.ClientSession was created!
[2024-11-27 14:19:32,404] [INFO] Skipping post 1h0zqg1 for r/Zenlesszonezeroleaks_ in channel 1289488919225696257 (already sent or older).
[2024-11-27 14:19:32,481] [ERROR] A new aiohttp.ClientSession was created!
[2024-11-27 14:19:33,831] [INFO] Skipping post 1h13p41 for r/HonkaiStarRail_leaks in channel 1276378303258955938 (already sent or older).
[2024-11-27 14:20:29,438] [ERROR] A new aiohttp.ClientSession was created!
[2024-11-27 14:20:29,444] [ERROR] Unclosed client session
client_session: <aiohttp.client.ClientSession object at 0x7f9efc1cbcd0>
[2024-11-27 14:20:29,445] [ERROR] Unclosed client session
client_session: <aiohttp.client.ClientSession object at 0x7f9efc1487c0>
[2024-11-27 14:20:30,333] [INFO] Skipping post 1h10bjl for r/Genshin_Impact_Leaks in channel 1276904235115479073 (already sent or older).
[2024-11-27 14:20:30,483] [ERROR] A new aiohttp.ClientSession was created!
[2024-11-27 14:20:31,850] [INFO] Skipping post 1h0zqg1 for r/Zenlesszonezeroleaks_ in channel 1289488919225696257 (already sent or older).
[2024-11-27 14:20:31,912] [ERROR] A new aiohttp.ClientSession was created!
[2024-11-27 14:20:32,684] [INFO] Skipping post 1h13p41 for r/HonkaiStarRail_leaks in channel 1276378303258955938 (already sent or older).
[2024-11-27 14:21:29,444] [ERROR] A new aiohttp.ClientSession was created!
[2024-11-27 14:21:30,342] [INFO] Skipping post 1h10bjl for r/Genshin_Impact_Leaks in channel 1276904235115479073 (already sent or older).
[2024-11-27 14:21:30,432] [ERROR] A new aiohttp.ClientSession was created!
[2024-11-27 14:21:31,526] [INFO] Skipping post 1h0zqg1 for r/Zenlesszonezeroleaks_ in channel 1289488919225696257 (already sent or older).
[2024-11-27 14:21:31,531] [ERROR] Unclosed client session
client_session: <aiohttp.client.ClientSession object at 0x7f9efc13f520>
[2024-11-27 14:21:31,531] [ERROR] Unclosed client session
client_session: <aiohttp.client.ClientSession object at 0x7f9efc1e8970>
[2024-11-27 14:21:31,532] [ERROR] Unclosed client session
client_session: <aiohttp.client.ClientSession object at 0x7f9efc1485e0>
[2024-11-27 14:21:31,533] [ERROR] Unclosed connector
connections: ['deque([(<aiohttp.client_proto.ResponseHandler object at 0x7f9efc1a5ac0>, 169681.356431477)])']
connector: <aiohttp.connector.TCPConnector object at 0x7f9efc148880>
[2024-11-27 14:21:31,595] [ERROR] A new aiohttp.ClientSession was created!
[2024-11-27 14:21:32,961] [INFO] Skipping post 1h13p41 for r/HonkaiStarRail_leaks in channel 1276378303258955938 (already sent or older).
[2024-11-27 14:22:29,425] [ERROR] A new aiohttp.ClientSession was created!
[2024-11-27 14:22:30,366] [INFO] Skipping post 1h10bjl for r/Genshin_Impact_Leaks in channel 1276904235115479073 (already sent or older).
[2024-11-27 14:22:30,426] [ERROR] A new aiohttp.ClientSession was created!
[2024-11-27 14:22:31,373] [INFO] Skipping post 1h0zqg1 for r/Zenlesszonezeroleaks_ in channel 1289488919225696257 (already sent or older).
[2024-11-27 14:22:31,441] [ERROR] A new aiohttp.ClientSession was created!
[2024-11-27 14:22:32,276] [INFO] Skipping post 1h13p41 for r/HonkaiStarRail_leaks in channel 1276378303258955938 (already sent or older).
[2024-11-27 14:23:29,442] [ERROR] A new aiohttp.ClientSession was created!
[2024-11-27 14:23:29,445] [ERROR] Unclosed client session
client_session: <aiohttp.client.ClientSession object at 0x7f9efc142c10>
[2024-11-27 14:23:29,446] [ERROR] Unclosed client session
client_session: <aiohttp.client.ClientSession object at 0x7f9efc142760>
[2024-11-27 14:23:29,446] [ERROR] Unclosed client session
client_session: <aiohttp.client.ClientSession object at 0x7f9efc1cbd90>
[2024-11-27 14:23:29,447] [ERROR] Unclosed client session
client_session: <aiohttp.client.ClientSession object at 0x7f9efc1d4280>
[2024-11-27 14:23:30,904] [INFO] Skipping post 1h10bjl for r/Genshin_Impact_Leaks in channel 1276904235115479073 (already sent or older).
[2024-11-27 14:23:30,963] [ERROR] A new aiohttp.ClientSession was created!
[2024-11-27 14:23:31,862] [INFO] Skipping post 1h0zqg1 for r/Zenlesszonezeroleaks_ in channel 1289488919225696257 (already sent or older).
[2024-11-27 14:23:31,922] [ERROR] A new aiohttp.ClientSession was created!
[2024-11-27 14:23:33,222] [INFO] Skipping post 1h13p41 for r/HonkaiStarRail_leaks in channel 1276378303258955938 (already sent or older).
[2024-11-27 14:24:29,413] [ERROR] A new aiohttp.ClientSession was created!
[2024-11-27 14:24:30,321] [INFO] Skipping post 1h10bjl for r/Genshin_Impact_Leaks in channel 1276904235115479073 (already sent or older).
[2024-11-27 14:24:30,385] [ERROR] A new aiohttp.ClientSession was created!
[2024-11-27 14:24:31,170] [INFO] Skipping post 1h0zqg1 for r/Zenlesszonezeroleaks_ in channel 1289488919225696257 (already sent or older).
[2024-11-27 14:24:31,230] [ERROR] A new aiohttp.ClientSession was created!
[2024-11-27 14:24:31,233] [ERROR] Unclosed client session
client_session: <aiohttp.client.ClientSession object at 0x7f9efc148fa0>
[2024-11-27 14:24:31,234] [ERROR] Unclosed client session
client_session: <aiohttp.client.ClientSession object at 0x7f9efc1d41f0>
[2024-11-27 14:24:31,234] [ERROR] Unclosed client session
client_session: <aiohttp.client.ClientSession object at 0x7f9efc1d4070>
[2024-11-27 14:24:31,235] [ERROR] Unclosed connector
connections: ['deque([(<aiohttp.client_proto.ResponseHandler object at 0x7f9efc157a60>, 169861.344228596)])']
connector: <aiohttp.connector.TCPConnector object at 0x7f9efd25ea00>
[2024-11-27 14:24:32,154] [INFO] Skipping post 1h13p41 for r/HonkaiStarRail_leaks in channel 1276378303258955938 (already sent or older).
[2024-11-27 14:25:29,431] [ERROR] A new aiohttp.ClientSession was created!
[2024-11-27 14:25:30,453] [INFO] Skipping post 1h10bjl for r/Genshin_Impact_Leaks in channel 1276904235115479073 (already sent or older).
[2024-11-27 14:25:30,539] [ERROR] A new aiohttp.ClientSession was created!
[2024-11-27 14:25:31,598] [INFO] Skipping post 1h0zqg1 for r/Zenlesszonezeroleaks_ in channel 1289488919225696257 (already sent or older).
[2024-11-27 14:25:31,669] [ERROR] A new aiohttp.ClientSession was created!
[2024-11-27 14:25:32,529] [INFO] Skipping post 1h13p41 for r/HonkaiStarRail_leaks in channel 1276378303258955938 (already sent or older).
[2024-11-27 14:26:29,414] [ERROR] A new aiohttp.ClientSession was created!
[2024-11-27 14:26:29,852] [ERROR] Unclosed client session
client_session: <aiohttp.client.ClientSession object at 0x7f9efc161f10>
[2024-11-27 14:26:29,853] [ERROR] Unclosed client session
client_session: <aiohttp.client.ClientSession object at 0x7f9efc165700>
[2024-11-27 14:26:29,854] [ERROR] Unclosed client session
client_session: <aiohttp.client.ClientSession object at 0x7f9efd25ec40>
[2024-11-27 14:26:30,329] [INFO] Skipping post 1h10bjl for r/Genshin_Impact_Leaks in channel 1276904235115479073 (already sent or older).
[2024-11-27 14:26:30,385] [ERROR] A new aiohttp.ClientSession was created!
[2024-11-27 14:26:31,278] [INFO] Skipping post 1h0zqg1 for r/Zenlesszonezeroleaks_ in channel 1289488919225696257 (already sent or older).
[2024-11-27 14:26:31,344] [ERROR] A new aiohttp.ClientSession was created!
[2024-11-27 14:26:32,114] [INFO] Skipping post 1h13p41 for r/HonkaiStarRail_leaks in channel 1276378303258955938 (already sent or older).
[2024-11-27 14:27:29,468] [ERROR] A new aiohttp.ClientSession was created!
[2024-11-27 14:27:30,279] [INFO] Skipping post 1h10bjl for r/Genshin_Impact_Leaks in channel 1276904235115479073 (already sent or older).
[2024-11-27 14:27:30,346] [ERROR] A new aiohttp.ClientSession was created!
[2024-11-27 14:27:31,087] [INFO] Skipping post 1h0zqg1 for r/Zenlesszonezeroleaks_ in channel 1289488919225696257 (already sent or older).
[2024-11-27 14:27:31,148] [ERROR] A new aiohttp.ClientSession was created!
[2024-11-27 14:27:31,151] [ERROR] Unclosed client session
client_session: <aiohttp.client.ClientSession object at 0x7f9efc13ff70>
[2024-11-27 14:27:31,151] [ERROR] Unclosed client session
client_session: <aiohttp.client.ClientSession object at 0x7f9efc165550>
[2024-11-27 14:27:31,152] [ERROR] Unclosed client session
client_session: <aiohttp.client.ClientSession object at 0x7f9efc1489a0>
[2024-11-27 14:27:31,153] [ERROR] Unclosed connector
connections: ['deque([(<aiohttp.client_proto.ResponseHandler object at 0x7f9efc157b80>, 170041.3099127)])']
connector: <aiohttp.connector.TCPConnector object at 0x7f9efc148130>
[2024-11-27 14:27:31,954] [INFO] Skipping post 1h13p41 for r/HonkaiStarRail_leaks in channel 1276378303258955938 (already sent or older).
[2024-11-27 14:28:29,413] [ERROR] A new aiohttp.ClientSession was created!
[2024-11-27 14:28:30,292] [INFO] Skipping post 1h10bjl for r/Genshin_Impact_Leaks in channel 1276904235115479073 (already sent or older).
[2024-11-27 14:28:30,355] [ERROR] A new aiohttp.ClientSession was created!
[2024-11-27 14:28:31,162] [INFO] Skipping post 1h0zqg1 for r/Zenlesszonezeroleaks_ in channel 1289488919225696257 (already sent or older).
[2024-11-27 14:28:31,234] [ERROR] A new aiohttp.ClientSession was created!
[2024-11-27 14:28:32,593] [INFO] Skipping post 1h13p41 for r/HonkaiStarRail_leaks in channel 1276378303258955938 (already sent or older).
[2024-11-27 14:29:29,448] [ERROR] A new aiohttp.ClientSession was created!
[2024-11-27 14:29:29,508] [ERROR] Unclosed client session
client_session: <aiohttp.client.ClientSession object at 0x7f9efc0f1430>
[2024-11-27 14:29:29,509] [ERROR] Unclosed client session
client_session: <aiohttp.client.ClientSession object at 0x7f9efc0f1c40>
[2024-11-27 14:29:29,510] [ERROR] Unclosed client session
client_session: <aiohttp.client.ClientSession object at 0x7f9efc0feaf0>
[2024-11-27 14:29:30,314] [INFO] Skipping post 1h10bjl for r/Genshin_Impact_Leaks in channel 1276904235115479073 (already sent or older).
[2024-11-27 14:29:30,377] [ERROR] A new aiohttp.ClientSession was created!
[2024-11-27 14:29:31,117] [INFO] Skipping post 1h0zqg1 for r/Zenlesszonezeroleaks_ in channel 1289488919225696257 (already sent or older).
[2024-11-27 14:29:31,180] [ERROR] A new aiohttp.ClientSession was created!
[2024-11-27 14:29:31,945] [INFO] Skipping post 1h13p41 for r/HonkaiStarRail_leaks in channel 1276378303258955938 (already sent or older).
[2024-11-27 14:30:29,407] [ERROR] A new aiohttp.ClientSession was created!
[2024-11-27 14:30:30,278] [INFO] Skipping post 1h10bjl for r/Genshin_Impact_Leaks in channel 1276904235115479073 (already sent or older).
[2024-11-27 14:30:30,355] [ERROR] A new aiohttp.ClientSession was created!
[2024-11-27 14:30:31,661] [INFO] Skipping post 1h0zqg1 for r/Zenlesszonezeroleaks_ in channel 1289488919225696257 (already sent or older).
[2024-11-27 14:30:31,728] [ERROR] A new aiohttp.ClientSession was created!
[2024-11-27 14:30:31,731] [ERROR] Unclosed client session
client_session: <aiohttp.client.ClientSession object at 0x7f9efc165d90>
[2024-11-27 14:30:31,732] [ERROR] Unclosed client session
client_session: <aiohttp.client.ClientSession object at 0x7f9efc148670>
[2024-11-27 14:30:31,733] [ERROR] Unclosed client session
client_session: <aiohttp.client.ClientSession object at 0x7f9efc13fb80>
[2024-11-27 14:30:31,734] [ERROR] Unclosed connector
connections: ['deque([(<aiohttp.client_proto.ResponseHandler object at 0x7f9efc157c40>, 170221.316284561)])']
connector: <aiohttp.connector.TCPConnector object at 0x7f9efc1d48e0>
[2024-11-27 14:30:32,514] [INFO] Skipping post 1h13p41 for r/HonkaiStarRail_leaks in channel 1276378303258955938 (already sent or older).
[2024-11-27 14:31:29,441] [ERROR] A new aiohttp.ClientSession was created!
[2024-11-27 14:31:30,420] [INFO] Skipping post 1h10bjl for r/Genshin_Impact_Leaks in channel 1276904235115479073 (already sent or older).
[2024-11-27 14:31:30,478] [ERROR] A new aiohttp.ClientSession was created!
[2024-11-27 14:31:31,827] [INFO] Skipping post 1h0zqg1 for r/Zenlesszonezeroleaks_ in channel 1289488919225696257 (already sent or older).
[2024-11-27 14:31:31,892] [ERROR] A new aiohttp.ClientSession was created!
[2024-11-27 14:31:32,652] [INFO] Skipping post 1h13p41 for r/HonkaiStarRail_leaks in channel 1276378303258955938 (already sent or older).
[2024-11-27 14:32:29,440] [ERROR] A new aiohttp.ClientSession was created!
[2024-11-27 14:32:29,501] [ERROR] Unclosed client session
client_session: <aiohttp.client.ClientSession object at 0x7f9efc1081c0>
[2024-11-27 14:32:29,501] [ERROR] Unclosed client session
client_session: <aiohttp.client.ClientSession object at 0x7f9efc0f1cd0>
[2024-11-27 14:32:29,502] [ERROR] Unclosed client session
client_session: <aiohttp.client.ClientSession object at 0x7f9efc118ca0>
[2024-11-27 14:32:30,365] [INFO] Skipping post 1h10bjl for r/Genshin_Impact_Leaks in channel 1276904235115479073 (already sent or older).
[2024-11-27 14:32:30,426] [ERROR] A new aiohttp.ClientSession was created!
[2024-11-27 14:32:31,173] [INFO] Skipping post 1h0zqg1 for r/Zenlesszonezeroleaks_ in channel 1289488919225696257 (already sent or older).
[2024-11-27 14:32:31,233] [ERROR] A new aiohttp.ClientSession was created!
[2024-11-27 14:32:31,996] [INFO] Skipping post 1h13p41 for r/HonkaiStarRail_leaks in channel 1276378303258955938 (already sent or older).
[2024-11-27 14:33:29,428] [ERROR] A new aiohttp.ClientSession was created!
[2024-11-27 14:33:30,751] [INFO] Skipping post 1h10bjl for r/Genshin_Impact_Leaks in channel 1276904235115479073 (already sent or older).
[2024-11-27 14:33:30,822] [ERROR] A new aiohttp.ClientSession was created!
[2024-11-27 14:33:31,585] [INFO] Skipping post 1h0zqg1 for r/Zenlesszonezeroleaks_ in channel 1289488919225696257 (already sent or older).
[2024-11-27 14:33:31,655] [ERROR] A new aiohttp.ClientSession was created!
[2024-11-27 14:33:31,658] [ERROR] Unclosed client session
client_session: <aiohttp.client.ClientSession object at 0x7f9efc161fd0>
[2024-11-27 14:33:31,659] [ERROR] Unclosed client session
client_session: <aiohttp.client.ClientSession object at 0x7f9efc165d90>
[2024-11-27 14:33:31,659] [ERROR] Unclosed client session
client_session: <aiohttp.client.ClientSession object at 0x7f9efc148490>
[2024-11-27 14:33:31,660] [ERROR] Unclosed connector
connections: ['deque([(<aiohttp.client_proto.ResponseHandler object at 0x7f9efc0f5d60>, 170401.797060941)])']
connector: <aiohttp.connector.TCPConnector object at 0x7f9efc148c40>
[2024-11-27 14:33:32,558] [INFO] Skipping post 1h13p41 for r/HonkaiStarRail_leaks in channel 1276378303258955938 (already sent or older).
[2024-11-27 14:34:29,450] [ERROR] A new aiohttp.ClientSession was created!
[2024-11-27 14:34:30,493] [INFO] Skipping post 1h10bjl for r/Genshin_Impact_Leaks in channel 1276904235115479073 (already sent or older).
[2024-11-27 14:34:30,566] [ERROR] A new aiohttp.ClientSession was created!
[2024-11-27 14:34:31,495] [INFO] Skipping post 1h0zqg1 for r/Zenlesszonezeroleaks_ in channel 1289488919225696257 (already sent or older).
[2024-11-27 14:34:31,561] [ERROR] A new aiohttp.ClientSession was created!
[2024-11-27 14:34:32,572] [INFO] Skipping post 1h13p41 for r/HonkaiStarRail_leaks in channel 1276378303258955938 (already sent or older).
[2024-11-27 14:35:29,427] [ERROR] A new aiohttp.ClientSession was created!
[2024-11-27 14:35:29,429] [ERROR] Unclosed client session
client_session: <aiohttp.client.ClientSession object at 0x7f9efc119d30>
[2024-11-27 14:35:29,430] [ERROR] Unclosed client session
client_session: <aiohttp.client.ClientSession object at 0x7f9efc0f1100>
[2024-11-27 14:35:29,430] [ERROR] Unclosed client session
client_session: <aiohttp.client.ClientSession object at 0x7f9efc1c1c40>
[2024-11-27 14:35:30,341] [INFO] Skipping post 1h10bjl for r/Genshin_Impact_Leaks in channel 1276904235115479073 (already sent or older).
[2024-11-27 14:35:30,400] [ERROR] A new aiohttp.ClientSession was created!
[2024-11-27 14:35:31,751] [INFO] Skipping post 1h0zqg1 for r/Zenlesszonezeroleaks_ in channel 1289488919225696257 (already sent or older).
[2024-11-27 14:35:31,829] [ERROR] A new aiohttp.ClientSession was created!
[2024-11-27 14:35:32,617] [INFO] Skipping post 1h13p41 for r/HonkaiStarRail_leaks in channel 1276378303258955938 (already sent or older).
[2024-11-27 14:36:29,483] [ERROR] A new aiohttp.ClientSession was created!
[2024-11-27 14:36:30,507] [INFO] Skipping post 1h10bjl for r/Genshin_Impact_Leaks in channel 1276904235115479073 (already sent or older).
[2024-11-27 14:36:30,592] [ERROR] A new aiohttp.ClientSession was created!
[2024-11-27 14:36:31,333] [INFO] Skipping post 1h0zqg1 for r/Zenlesszonezeroleaks_ in channel 1289488919225696257 (already sent or older).
[2024-11-27 14:36:31,407] [ERROR] A new aiohttp.ClientSession was created!
[2024-11-27 14:36:31,411] [ERROR] Unclosed client session
client_session: <aiohttp.client.ClientSession object at 0x7f9efc1e8a60>
[2024-11-27 14:36:31,412] [ERROR] Unclosed client session
client_session: <aiohttp.client.ClientSession object at 0x7f9efc142e20>
[2024-11-27 14:36:31,412] [ERROR] Unclosed client session
client_session: <aiohttp.client.ClientSession object at 0x7f9efc148160>
[2024-11-27 14:36:31,413] [ERROR] Unclosed client session
client_session: <aiohttp.client.ClientSession object at 0x7f9efc13f820>
[2024-11-27 14:36:31,414] [ERROR] Unclosed client session
client_session: <aiohttp.client.ClientSession object at 0x7f9efc161280>
[2024-11-27 14:36:31,414] [ERROR] Unclosed client session
client_session: <aiohttp.client.ClientSession object at 0x7f9efc148f10>
[2024-11-27 14:36:31,415] [ERROR] Unclosed client session
client_session: <aiohttp.client.ClientSession object at 0x7f9efc1d4160>
[2024-11-27 14:36:31,416] [ERROR] Unclosed client session
client_session: <aiohttp.client.ClientSession object at 0x7f9efc0fe610>
[2024-11-27 14:36:31,416] [ERROR] Unclosed client session
client_session: <aiohttp.client.ClientSession object at 0x7f9efc161f10>
[2024-11-27 14:36:31,417] [ERROR] Unclosed client session
client_session: <aiohttp.client.ClientSession object at 0x7f9efc1482e0>
[2024-11-27 14:36:31,418] [ERROR] Unclosed client session
client_session: <aiohttp.client.ClientSession object at 0x7f9efc1185b0>
[2024-11-27 14:36:31,419] [ERROR] Unclosed client session
client_session: <aiohttp.client.ClientSession object at 0x7f9efc142430>
[2024-11-27 14:36:31,419] [ERROR] Unclosed client session
client_session: <aiohttp.client.ClientSession object at 0x7f9efc108310>
[2024-11-27 14:36:31,420] [ERROR] Unclosed client session
client_session: <aiohttp.client.ClientSession object at 0x7f9efc127370>
[2024-11-27 14:36:31,421] [ERROR] Unclosed client session
client_session: <aiohttp.client.ClientSession object at 0x7f9efc108280>
[2024-11-27 14:36:31,421] [ERROR] Unclosed client session
client_session: <aiohttp.client.ClientSession object at 0x7f9efc13f670>
[2024-11-27 14:36:31,422] [ERROR] Unclosed client session
client_session: <aiohttp.client.ClientSession object at 0x7f9efc1270a0>
[2024-11-27 14:36:31,423] [ERROR] Unclosed client session
client_session: <aiohttp.client.ClientSession object at 0x7f9efc0f11f0>
[2024-11-27 14:36:31,424] [ERROR] Unclosed connector
connections: ['deque([(<aiohttp.client_proto.ResponseHandler object at 0x7f9efd2c1a60>, 170581.561415335)])']
connector: <aiohttp.connector.TCPConnector object at 0x7f9efc0f1a90>
[2024-11-27 14:36:32,865] [INFO] Skipping post 1h13p41 for r/HonkaiStarRail_leaks in channel 1276378303258955938 (already sent or older).
[2024-11-27 14:37:29,439] [ERROR] A new aiohttp.ClientSession was created!
[2024-11-27 14:37:30,412] [INFO] Skipping post 1h10bjl for r/Genshin_Impact_Leaks in channel 1276904235115479073 (already sent or older).
[2024-11-27 14:37:30,484] [ERROR] A new aiohttp.ClientSession was created!
[2024-11-27 14:37:33,799] [INFO] Skipping post 1h0zqg1 for r/Zenlesszonezeroleaks_ in channel 1289488919225696257 (already sent or older).
[2024-11-27 14:37:33,870] [ERROR] A new aiohttp.ClientSession was created!
[2024-11-27 14:37:35,125] [INFO] Skipping post 1h13p41 for r/HonkaiStarRail_leaks in channel 1276378303258955938 (already sent or older).
[2024-11-27 14:38:29,466] [ERROR] A new aiohttp.ClientSession was created!
[2024-11-27 14:38:30,545] [INFO] Skipping post 1h10bjl for r/Genshin_Impact_Leaks in channel 1276904235115479073 (already sent or older).
[2024-11-27 14:38:30,548] [ERROR] Unclosed client session
client_session: <aiohttp.client.ClientSession object at 0x7f9efc12dca0>
[2024-11-27 14:38:30,548] [ERROR] Unclosed client session
client_session: <aiohttp.client.ClientSession object at 0x7f9efc127490>
[2024-11-27 14:38:30,549] [ERROR] Unclosed client session
client_session: <aiohttp.client.ClientSession object at 0x7f9efc12db50>
[2024-11-27 14:38:30,625] [ERROR] A new aiohttp.ClientSession was created!
[2024-11-27 14:38:31,395] [INFO] Skipping post 1h0zqg1 for r/Zenlesszonezeroleaks_ in channel 1289488919225696257 (already sent or older).
[2024-11-27 14:38:31,455] [ERROR] A new aiohttp.ClientSession was created!
[2024-11-27 14:38:32,368] [INFO] Skipping post 1h13p41 for r/HonkaiStarRail_leaks in channel 1276378303258955938 (already sent or older).
[2024-11-27 14:39:29,426] [ERROR] A new aiohttp.ClientSession was created!
[2024-11-27 14:39:30,451] [INFO] Skipping post 1h10bjl for r/Genshin_Impact_Leaks in channel 1276904235115479073 (already sent or older).
[2024-11-27 14:39:30,511] [ERROR] A new aiohttp.ClientSession was created!
[2024-11-27 14:39:31,257] [INFO] Skipping post 1h0zqg1 for r/Zenlesszonezeroleaks_ in channel 1289488919225696257 (already sent or older).
[2024-11-27 14:39:31,324] [ERROR] A new aiohttp.ClientSession was created!
[2024-11-27 14:39:31,767] [ERROR] Unclosed client session
client_session: <aiohttp.client.ClientSession object at 0x7f9efc118e50>
[2024-11-27 14:39:31,767] [ERROR] Unclosed client session
client_session: <aiohttp.client.ClientSession object at 0x7f9efc12dd60>
[2024-11-27 14:39:31,769] [ERROR] Unclosed client session
client_session: <aiohttp.client.ClientSession object at 0x7f9efc127e80>
[2024-11-27 14:39:31,770] [ERROR] Unclosed connector
connections: ['deque([(<aiohttp.client_proto.ResponseHandler object at 0x7f9efc157820>, 170761.512934431)])']
connector: <aiohttp.connector.TCPConnector object at 0x7f9efc1271f0>
[2024-11-27 14:39:32,179] [INFO] Skipping post 1h13p41 for r/HonkaiStarRail_leaks in channel 1276378303258955938 (already sent or older).
[2024-11-27 14:40:29,470] [ERROR] A new aiohttp.ClientSession was created!
[2024-11-27 14:40:30,649] [INFO] Skipping post 1h10bjl for r/Genshin_Impact_Leaks in channel 1276904235115479073 (already sent or older).
[2024-11-27 14:40:30,728] [ERROR] A new aiohttp.ClientSession was created!
[2024-11-27 14:40:31,682] [INFO] Skipping post 1h0zqg1 for r/Zenlesszonezeroleaks_ in channel 1289488919225696257 (already sent or older).
[2024-11-27 14:40:31,744] [ERROR] A new aiohttp.ClientSession was created!
[2024-11-27 14:40:32,523] [INFO] Skipping post 1h13p41 for r/HonkaiStarRail_leaks in channel 1276378303258955938 (already sent or older).
[2024-11-27 14:41:29,435] [ERROR] A new aiohttp.ClientSession was created!
[2024-11-27 14:41:29,879] [ERROR] Unclosed client session
client_session: <aiohttp.client.ClientSession object at 0x7f9efc12d820>
[2024-11-27 14:41:29,880] [ERROR] Unclosed client session
client_session: <aiohttp.client.ClientSession object at 0x7f9efc108130>
[2024-11-27 14:41:29,880] [ERROR] Unclosed client session
client_session: <aiohttp.client.ClientSession object at 0x7f9efc12df10>
[2024-11-27 14:41:30,371] [INFO] Skipping post 1h10bjl for r/Genshin_Impact_Leaks in channel 1276904235115479073 (already sent or older).
[2024-11-27 14:41:30,429] [ERROR] A new aiohttp.ClientSession was created!
[2024-11-27 14:41:31,307] [INFO] Skipping post 1h0zqg1 for r/Zenlesszonezeroleaks_ in channel 1289488919225696257 (already sent or older).
[2024-11-27 14:41:31,377] [ERROR] A new aiohttp.ClientSession was created!
[2024-11-27 14:41:32,663] [INFO] Skipping post 1h13p41 for r/HonkaiStarRail_leaks in channel 1276378303258955938 (already sent or older).
[2024-11-27 14:42:29,435] [ERROR] A new aiohttp.ClientSession was created!
[2024-11-27 14:42:30,267] [INFO] Skipping post 1h10bjl for r/Genshin_Impact_Leaks in channel 1276904235115479073 (already sent or older).
[2024-11-27 14:42:30,334] [ERROR] A new aiohttp.ClientSession was created!
[2024-11-27 14:42:32,243] [INFO] Skipping post 1h0zqg1 for r/Zenlesszonezeroleaks_ in channel 1289488919225696257 (already sent or older).
[2024-11-27 14:42:32,305] [ERROR] A new aiohttp.ClientSession was created!
[2024-11-27 14:42:32,308] [ERROR] Unclosed client session
client_session: <aiohttp.client.ClientSession object at 0x7f9efc0b3f10>
[2024-11-27 14:42:32,308] [ERROR] Unclosed client session
client_session: <aiohttp.client.ClientSession object at 0x7f9efc1270a0>
[2024-11-27 14:42:32,309] [ERROR] Unclosed client session
client_session: <aiohttp.client.ClientSession object at 0x7f9efc12d7c0>
[2024-11-27 14:42:32,309] [ERROR] Unclosed connector
connections: ['deque([(<aiohttp.client_proto.ResponseHandler object at 0x7f9efc1a5fa0>, 170941.337405351)])']
connector: <aiohttp.connector.TCPConnector object at 0x7f9efc12d610>
[2024-11-27 14:42:34,130] [INFO] Skipping post 1h13p41 for r/HonkaiStarRail_leaks in channel 1276378303258955938 (already sent or older).
[2024-11-27 14:43:29,472] [ERROR] A new aiohttp.ClientSession was created!
[2024-11-27 14:43:30,517] [INFO] Skipping post 1h10bjl for r/Genshin_Impact_Leaks in channel 1276904235115479073 (already sent or older).
[2024-11-27 14:43:30,594] [ERROR] A new aiohttp.ClientSession was created!
[2024-11-27 14:43:31,458] [INFO] Skipping post 1h0zqg1 for r/Zenlesszonezeroleaks_ in channel 1289488919225696257 (already sent or older).
[2024-11-27 14:43:31,530] [ERROR] A new aiohttp.ClientSession was created!
[2024-11-27 14:43:32,298] [INFO] Skipping post 1h13p41 for r/HonkaiStarRail_leaks in channel 1276378303258955938 (already sent or older).
[2024-11-27 14:44:29,464] [ERROR] A new aiohttp.ClientSession was created!
[2024-11-27 14:44:29,889] [ERROR] Unclosed client session
client_session: <aiohttp.client.ClientSession object at 0x7f9efc0fe6d0>
[2024-11-27 14:44:29,890] [ERROR] Unclosed client session
client_session: <aiohttp.client.ClientSession object at 0x7f9efc12d6a0>
[2024-11-27 14:44:29,890] [ERROR] Unclosed client session
client_session: <aiohttp.client.ClientSession object at 0x7f9efc0f1ca0>
[2024-11-27 14:44:30,277] [INFO] Skipping post 1h10bjl for r/Genshin_Impact_Leaks in channel 1276904235115479073 (already sent or older).
[2024-11-27 14:44:30,342] [ERROR] A new aiohttp.ClientSession was created!
[2024-11-27 14:44:31,088] [INFO] Skipping post 1h0zqg1 for r/Zenlesszonezeroleaks_ in channel 1289488919225696257 (already sent or older).
[2024-11-27 14:44:31,154] [ERROR] A new aiohttp.ClientSession was created!
[2024-11-27 14:44:32,034] [INFO] Skipping post 1h13p41 for r/HonkaiStarRail_leaks in channel 1276378303258955938 (already sent or older).
[2024-11-27 14:45:29,446] [ERROR] A new aiohttp.ClientSession was created!
[2024-11-27 14:45:30,597] [INFO] Skipping post 1h10bjl for r/Genshin_Impact_Leaks in channel 1276904235115479073 (already sent or older).
[2024-11-27 14:45:30,669] [ERROR] A new aiohttp.ClientSession was created!
[2024-11-27 14:45:31,559] [INFO] Skipping post 1h0zqg1 for r/Zenlesszonezeroleaks_ in channel 1289488919225696257 (already sent or older).
[2024-11-27 14:45:31,634] [ERROR] A new aiohttp.ClientSession was created!
[2024-11-27 14:45:31,637] [ERROR] Unclosed client session
client_session: <aiohttp.client.ClientSession object at 0x7f9efc12d520>
[2024-11-27 14:45:31,637] [ERROR] Unclosed client session
client_session: <aiohttp.client.ClientSession object at 0x7f9efc127490>
[2024-11-27 14:45:31,638] [ERROR] Unclosed client session
client_session: <aiohttp.client.ClientSession object at 0x7f9efc127520>
[2024-11-27 14:45:31,639] [ERROR] Unclosed connector
connections: ['deque([(<aiohttp.client_proto.ResponseHandler object at 0x7f9efc1a5fa0>, 171121.675181502)])']
connector: <aiohttp.connector.TCPConnector object at 0x7f9efc127730>
[2024-11-27 14:45:33,097] [INFO] Skipping post 1h13p41 for r/HonkaiStarRail_leaks in channel 1276378303258955938 (already sent or older).
[2024-11-27 14:46:29,524] [ERROR] A new aiohttp.ClientSession was created!
[2024-11-27 14:46:30,589] [INFO] Skipping post 1h10bjl for r/Genshin_Impact_Leaks in channel 1276904235115479073 (already sent or older).
[2024-11-27 14:46:30,660] [ERROR] A new aiohttp.ClientSession was created!
[2024-11-27 14:46:31,435] [INFO] Skipping post 1h0zqg1 for r/Zenlesszonezeroleaks_ in channel 1289488919225696257 (already sent or older).
[2024-11-27 14:46:31,493] [ERROR] A new aiohttp.ClientSession was created!
[2024-11-27 14:46:32,238] [INFO] Skipping post 1h13p41 for r/HonkaiStarRail_leaks in channel 1276378303258955938 (already sent or older).
[2024-11-27 14:47:29,491] [ERROR] A new aiohttp.ClientSession was created!
[2024-11-27 14:47:30,401] [INFO] Skipping post 1h10bjl for r/Genshin_Impact_Leaks in channel 1276904235115479073 (already sent or older).
[2024-11-27 14:47:30,403] [ERROR] Unclosed client session
client_session: <aiohttp.client.ClientSession object at 0x7f9efc165eb0>
[2024-11-27 14:47:30,403] [ERROR] Unclosed client session
client_session: <aiohttp.client.ClientSession object at 0x7f9efc1619d0>
[2024-11-27 14:47:30,404] [ERROR] Unclosed client session
client_session: <aiohttp.client.ClientSession object at 0x7f9efc165be0>
[2024-11-27 14:47:30,476] [ERROR] A new aiohttp.ClientSession was created!
[2024-11-27 14:47:31,241] [INFO] Skipping post 1h0zqg1 for r/Zenlesszonezeroleaks_ in channel 1289488919225696257 (already sent or older).
[2024-11-27 14:47:31,304] [ERROR] A new aiohttp.ClientSession was created!
[2024-11-27 14:47:32,653] [INFO] Skipping post 1h13p41 for r/HonkaiStarRail_leaks in channel 1276378303258955938 (already sent or older).
[2024-11-27 14:48:29,423] [ERROR] A new aiohttp.ClientSession was created!
[2024-11-27 14:48:30,395] [INFO] Skipping post 1h10bjl for r/Genshin_Impact_Leaks in channel 1276904235115479073 (already sent or older).
[2024-11-27 14:48:30,497] [ERROR] A new aiohttp.ClientSession was created!
[2024-11-27 14:48:31,289] [INFO] Skipping post 1h0zqg1 for r/Zenlesszonezeroleaks_ in channel 1289488919225696257 (already sent or older).
[2024-11-27 14:48:31,362] [ERROR] A new aiohttp.ClientSession was created!
[2024-11-27 14:48:31,720] [ERROR] Unclosed client session
client_session: <aiohttp.client.ClientSession object at 0x7f9efc0f1070>
[2024-11-27 14:48:31,720] [ERROR] Unclosed client session
client_session: <aiohttp.client.ClientSession object at 0x7f9efc161520>
[2024-11-27 14:48:31,721] [ERROR] Unclosed client session
client_session: <aiohttp.client.ClientSession object at 0x7f9efc161d60>
[2024-11-27 14:48:31,722] [ERROR] Unclosed connector
connections: ['deque([(<aiohttp.client_proto.ResponseHandler object at 0x7f9efc157a60>, 171301.480456586)])']
connector: <aiohttp.connector.TCPConnector object at 0x7f9efc161dc0>
[2024-11-27 14:48:32,122] [INFO] Skipping post 1h13p41 for r/HonkaiStarRail_leaks in channel 1276378303258955938 (already sent or older).
[2024-11-27 14:49:29,465] [ERROR] A new aiohttp.ClientSession was created!
[2024-11-27 14:49:30,655] [INFO] Skipping post 1h10bjl for r/Genshin_Impact_Leaks in channel 1276904235115479073 (already sent or older).
[2024-11-27 14:49:30,711] [ERROR] A new aiohttp.ClientSession was created!
[2024-11-27 14:49:31,716] [INFO] Skipping post 1h0zqg1 for r/Zenlesszonezeroleaks_ in channel 1289488919225696257 (already sent or older).
[2024-11-27 14:49:31,777] [ERROR] A new aiohttp.ClientSession was created!
[2024-11-27 14:49:32,795] [INFO] Skipping post 1h13p41 for r/HonkaiStarRail_leaks in channel 1276378303258955938 (already sent or older).
[2024-11-27 14:50:29,417] [ERROR] A new aiohttp.ClientSession was created!
[2024-11-27 14:50:30,293] [INFO] Skipping post 1h10bjl for r/Genshin_Impact_Leaks in channel 1276904235115479073 (already sent or older).
[2024-11-27 14:50:30,295] [ERROR] Unclosed client session
client_session: <aiohttp.client.ClientSession object at 0x7f9efc13fe20>
[2024-11-27 14:50:30,296] [ERROR] Unclosed client session
client_session: <aiohttp.client.ClientSession object at 0x7f9efc165b80>
[2024-11-27 14:50:30,297] [ERROR] Unclosed client session
client_session: <aiohttp.client.ClientSession object at 0x7f9efc142c10>
[2024-11-27 14:50:30,356] [ERROR] A new aiohttp.ClientSession was created!
[2024-11-27 14:50:31,128] [INFO] Skipping post 1h0zqg1 for r/Zenlesszonezeroleaks_ in channel 1289488919225696257 (already sent or older).
[2024-11-27 14:50:31,205] [ERROR] A new aiohttp.ClientSession was created!
[2024-11-27 14:50:32,054] [INFO] Skipping post 1h13p41 for r/HonkaiStarRail_leaks in channel 1276378303258955938 (already sent or older).
[2024-11-27 14:51:29,431] [ERROR] A new aiohttp.ClientSession was created!
[2024-11-27 14:51:30,505] [INFO] Skipping post 1h10bjl for r/Genshin_Impact_Leaks in channel 1276904235115479073 (already sent or older).
[2024-11-27 14:51:30,576] [ERROR] A new aiohttp.ClientSession was created!
[2024-11-27 14:51:31,479] [INFO] Skipping post 1h0zqg1 for r/Zenlesszonezeroleaks_ in channel 1289488919225696257 (already sent or older).
[2024-11-27 14:51:31,559] [ERROR] A new aiohttp.ClientSession was created!
[2024-11-27 14:51:31,946] [ERROR] Unclosed client session
client_session: <aiohttp.client.ClientSession object at 0x7f9efd25ec10>
[2024-11-27 14:51:31,946] [ERROR] Unclosed client session
client_session: <aiohttp.client.ClientSession object at 0x7f9efc148670>
[2024-11-27 14:51:31,947] [ERROR] Unclosed client session
client_session: <aiohttp.client.ClientSession object at 0x7f9efc12d610>
[2024-11-27 14:51:31,948] [ERROR] Unclosed connector
connections: ['deque([(<aiohttp.client_proto.ResponseHandler object at 0x7f9efc125160>, 171481.598098655)])']
connector: <aiohttp.connector.TCPConnector object at 0x7f9efc12dee0>
[2024-11-27 14:51:32,330] [INFO] Skipping post 1h13p41 for r/HonkaiStarRail_leaks in channel 1276378303258955938 (already sent or older).
[2024-11-27 14:52:29,454] [ERROR] A new aiohttp.ClientSession was created!
[2024-11-27 14:52:30,509] [INFO] Skipping post 1h10bjl for r/Genshin_Impact_Leaks in channel 1276904235115479073 (already sent or older).
[2024-11-27 14:52:30,581] [ERROR] A new aiohttp.ClientSession was created!
[2024-11-27 14:52:31,812] [INFO] Skipping post 1h0zqg1 for r/Zenlesszonezeroleaks_ in channel 1289488919225696257 (already sent or older).
[2024-11-27 14:52:31,914] [ERROR] A new aiohttp.ClientSession was created!
[2024-11-27 14:52:32,718] [INFO] Skipping post 1h13p41 for r/HonkaiStarRail_leaks in channel 1276378303258955938 (already sent or older).
[2024-11-27 14:53:29,464] [ERROR] A new aiohttp.ClientSession was created!
[2024-11-27 14:53:30,901] [INFO] Skipping post 1h10bjl for r/Genshin_Impact_Leaks in channel 1276904235115479073 (already sent or older).
[2024-11-27 14:53:30,903] [ERROR] Unclosed client session
client_session: <aiohttp.client.ClientSession object at 0x7f9efc0bccd0>
[2024-11-27 14:53:30,904] [ERROR] Unclosed client session
client_session: <aiohttp.client.ClientSession object at 0x7f9efc1181c0>
[2024-11-27 14:53:30,905] [ERROR] Unclosed client session
client_session: <aiohttp.client.ClientSession object at 0x7f9efc0bcd30>
[2024-11-27 14:53:30,978] [ERROR] A new aiohttp.ClientSession was created!
[2024-11-27 14:53:31,727] [INFO] Skipping post 1h0zqg1 for r/Zenlesszonezeroleaks_ in channel 1289488919225696257 (already sent or older).
[2024-11-27 14:53:31,785] [ERROR] A new aiohttp.ClientSession was created!
[2024-11-27 14:53:33,071] [INFO] Skipping post 1h13p41 for r/HonkaiStarRail_leaks in channel 1276378303258955938 (already sent or older).
